========================================
 WEAVER ENGINE: 8-NODE DEEP HISTORY 
========================================
Enter Node ID (0-7): 
> [SYSTEM] Node 3 bound to :50003. Meshing topology...
[SYSTEM] Topology Locked. Entering FSM loop.
[HEARTBEAT] SimTick: 39 | NetHead: 38 | Confirmed: 35 | Missing: 4 frames
[HEARTBEAT] SimTick: 99 | NetHead: 98 | Confirmed: 95 | Missing: 4 frames
[HEARTBEAT] SimTick: 159 | NetHead: 158 | Confirmed: 155 | Missing: 4 frames
[HEARTBEAT] SimTick: 219 | NetHead: 218 | Confirmed: 215 | Missing: 4 frames
[HEARTBEAT] SimTick: 277 | NetHead: 276 | Confirmed: 274 | Missing: 3 frames
[HEARTBEAT] SimTick: 337 | NetHead: 336 | Confirmed: 334 | Missing: 3 frames
[HEARTBEAT] SimTick: 392 | NetHead: 392 | Confirmed: 389 | Missing: 3 frames
[HEARTBEAT] SimTick: 448 | NetHead: 447 | Confirmed: 445 | Missing: 3 frames
[HEARTBEAT] SimTick: 508 | NetHead: 507 | Confirmed: 505 | Missing: 3 frames
[HEARTBEAT] SimTick: 568 | NetHead: 567 | Confirmed: 565 | Missing: 3 frames
[HEARTBEAT] SimTick: 628 | NetHead: 627 | Confirmed: 625 | Missing: 3 frames
[HEARTBEAT] SimTick: 688 | NetHead: 687 | Confirmed: 685 | Missing: 3 frames
[HEARTBEAT] SimTick: 747 | NetHead: 746 | Confirmed: 745 | Missing: 2 frames
[HEARTBEAT] SimTick: 807 | NetHead: 806 | Confirmed: 805 | Missing: 2 frames
[HEARTBEAT] SimTick: 867 | NetHead: 866 | Confirmed: 865 | Missing: 2 frames
[HEARTBEAT] SimTick: 927 | NetHead: 926 | Confirmed: 925 | Missing: 2 frames
[HEARTBEAT] SimTick: 987 | NetHead: 986 | Confirmed: 985 | Missing: 2 frames
[HEARTBEAT] SimTick: 1047 | NetHead: 1046 | Confirmed: 1045 | Missing: 2 frames
[HEARTBEAT] SimTick: 1107 | NetHead: 1106 | Confirmed: 1105 | Missing: 2 frames
[HEARTBEAT] SimTick: 1167 | NetHead: 1166 | Confirmed: 1164 | Missing: 3 frames
[HEARTBEAT] SimTick: 1227 | NetHead: 1226 | Confirmed: 1224 | Missing: 3 frames
[HEARTBEAT] SimTick: 1288 | NetHead: 1287 | Confirmed: 1285 | Missing: 3 frames
luajit: ./lua/fsm_core.lua:93: interrupted!
stack traceback:
	./lua/fsm_core.lua:93: in function 'tick_playing_state'
	main.lua:124: in main chunk
	[C]: at 0x56552b1cde00
